<?xml version="1.0" encoding="utf-8"?><testsuites><testsuite name="pytest" errors="0" failures="0" skipped="0" tests="0" time="0.006" timestamp="2025-02-28T09:30:13.937153-05:00" hostname="DESKTOP-8GOQ1V4" /></testsuites>